<?xml version="1.0" encoding="UTF-8"?>
<testsuite name="com.amazon.ata.unittesting.subscribeandsave.dao.SubscriptionFileStorageTest" tests="9" skipped="0" failures="0" errors="0" timestamp="2024-12-28T19:12:46" hostname="DESKTOP-URGQT26" time="0.314">
  <properties/>
  <testcase name="updateSubscription_withExistingSubscriptionAndUpdatedCustomerId_returnsUpdatedCustomerId()" classname="com.amazon.ata.unittesting.subscribeandsave.dao.SubscriptionFileStorageTest" time="0.125"/>
  <testcase name="updateSubscription_withExistingSubscriptionAndUpdatedASIN_returnsUpdatedASIN()" classname="com.amazon.ata.unittesting.subscribeandsave.dao.SubscriptionFileStorageTest" time="0.021"/>
  <testcase name="writeSubscription_subsequentGetById_returnsCorrectFields()" classname="com.amazon.ata.unittesting.subscribeandsave.dao.SubscriptionFileStorageTest" time="0.018"/>
  <testcase name="writeSubscription_newSubscription_subscriptionReturnedWithId()" classname="com.amazon.ata.unittesting.subscribeandsave.dao.SubscriptionFileStorageTest" time="0.022"/>
  <testcase name="updateSubscription_withNoSubscriptionFound_throwsIllegalArgumentException()" classname="com.amazon.ata.unittesting.subscribeandsave.dao.SubscriptionFileStorageTest" time="0.012"/>
  <testcase name="getSubscriptionById_withExistingSubscriptionId_returnsCorrectFields()" classname="com.amazon.ata.unittesting.subscribeandsave.dao.SubscriptionFileStorageTest" time="0.013"/>
  <testcase name="updateSubscription_withNullSubscription_throwsIllegalArgumentException()" classname="com.amazon.ata.unittesting.subscribeandsave.dao.SubscriptionFileStorageTest" time="0.02"/>
  <testcase name="updateSubscription_withExistingSubscriptionAndUpdatedFrequency_returnsUpdatedFrequency()" classname="com.amazon.ata.unittesting.subscribeandsave.dao.SubscriptionFileStorageTest" time="0.013"/>
  <testcase name="updateSubscription_withSubscriptionMissingId_throwsIllegalArgumentException()" classname="com.amazon.ata.unittesting.subscribeandsave.dao.SubscriptionFileStorageTest" time="0.027"/>
  <system-out><![CDATA[]]></system-out>
  <system-err><![CDATA[]]></system-err>
</testsuite>
